<?xml version="1.0" encoding="UTF-8"?>
<!-- Generated by org.testng.reporters.JUnitXMLReporter -->
<testsuite hostname="DESKTOP-L9LHJVH" ignored="0" name="Default test" tests="5" failures="0" timestamp="02 Jun 2022 16:14:46 GMT" time="0.252" errors="0">
  <testcase name="tes5" time="0.042" classname="HPE.HybrisB2BWeb.SmokeTest"/>
  <testcase name="test1" time="0.011" classname="HPE.HybrisB2BWeb.SmokeTest"/>
  <testcase name="test2" time="0.003" classname="HPE.HybrisB2BWeb.SmokeTest"/>
  <testcase name="test3" time="0.005" classname="HPE.HybrisB2BWeb.SmokeTest"/>
  <testcase name="test4" time="0.007" classname="HPE.HybrisB2BWeb.SmokeTest"/>
</testsuite> <!-- Default test -->
