<?xml version="1.0" encoding="UTF-8"?>
<!-- Generated by org.testng.reporters.JUnitXMLReporter -->
<testsuite hostname="DESKTOP-L9LHJVH" ignored="0" name="Command line test" tests="5" failures="0" timestamp="02 Jun 2022 16:16:03 GMT" time="0.319" errors="0">
  <testcase name="tes5" time="0.058" classname="HPE.HybrisB2BWeb.SmokeTest"/>
  <testcase name="test1" time="0.002" classname="HPE.HybrisB2BWeb.SmokeTest"/>
  <testcase name="test2" time="0.001" classname="HPE.HybrisB2BWeb.SmokeTest"/>
  <testcase name="test3" time="0.002" classname="HPE.HybrisB2BWeb.SmokeTest"/>
  <testcase name="test4" time="0.001" classname="HPE.HybrisB2BWeb.SmokeTest"/>
</testsuite> <!-- Command line test -->
